2022-05-23T10:38:08.619Z - info: [ui] [AppStore] loading 0 repositories from store
2022-05-23T10:38:08.656Z - info: [ui] [Welcome] no sign in step found. ignoring...
2022-05-23T10:38:08.659Z - info: [ui] launching: 3.0.0-linux1 (Linux 5.17.4-zen1-1-zen)
2022-05-23T10:38:08.659Z - info: [ui] execPath: '/opt/github-desktop/github-desktop'
2022-05-23T10:38:08.682Z - info: [ui] [Welcome] no sign in step found. ignoring...
2022-05-23T10:38:08.928Z - info: [ui] Opt in reported.
2022-05-23T10:38:11.762Z - info: [ui] [Welcome] advancing to step: SignInToDotComWithBrowser
2022-05-23T10:38:11.763Z - info: [ui] [SignInStore] initializing OAuth flow
2022-05-23T10:38:11.765Z - info: [main] opening in browser: https://github.com/login/oauth/authorize?client_id=3a723b10ac5575cc5bb9&scope=repo%20user%20workflow&state=a1fb09f8-1f33-4599-b7e8-1f45348c77a9
2022-05-23T10:38:11.765Z - info: [ui] [Welcome] current sign in state not found. ignoring...
2022-05-23T10:38:13.116Z - info: [ui] [Welcome] kind Authentication is the same as Authentication. ignoring...
2022-05-23T10:39:55.521Z - info: [main] Received possible protocol arguments: 4
2022-05-23T10:39:55.522Z - info: [main] Processing protocol url
2022-05-23T10:39:55.528Z - info: [ui] [Dispatcher] requesting authenticated user
2022-05-23T10:39:55.538Z - info: [ui] [Welcome] kind Authentication is the same as Authentication. ignoring...
2022-05-23T10:39:56.514Z - info: [ui] [SignInStore] account resolved
2022-05-23T10:39:56.515Z - info: [ui] [AppStore] adding account hamburgerghini1 (hamburgerghini1) to store
2022-05-23T10:39:56.517Z - info: [ui] [Welcome] advancing to step: ConfigureGit
2022-05-23T10:39:56.543Z - info: [ui] [Welcome] no sign in step found. ignoring...
2022-05-23T10:39:56.616Z - info: [ui] [Welcome] no sign in step found. ignoring...
2022-05-23T10:40:04.746Z - info: [ui] [Welcome] no sign in step found. ignoring...
2022-05-23T10:40:04.776Z - info: [ui] [Welcome] no sign in step found. ignoring...
2022-05-23T10:40:05.074Z - info: [ui] Subscribed 'hamburgerghini1' to Alive channel
2022-05-23T10:40:05.135Z - info: [ui] [Welcome] no sign in step found. ignoring...
2022-05-23T10:41:00.735Z - info: [ui] [AppStore] adding repository at /home/tommi/Asiakirjat/GitHub/Garuda-kde-config to store
